# JRE version: OpenJDK Runtime Environment (11.0.15) (build 11.0.15+0-b2043.56-9505619)
# Java VM: OpenJDK 64-Bit Server VM (11.0.15+0-b2043.56-9505619, mixed mode, tiered, compressed oops, g1 gc, windows-amd64)
Heap:
 garbage-first heap   total 184320K, used 109990K [0x00000000a0000000, 0x0000000100000000)
  region size 1024K, 1 young (1024K), 1 survivors (1024K)
 Metaspace       used 62715K, capacity 64583K, committed 64688K, reserved 1105920K
  class space    used 7970K, capacity 8680K, committed 8704K, reserved 1048576K
GC Heap History (20 events):
Event: 32.584 GC heap after
{Heap after GC invocations=62 (full 0):
 garbage-first heap   total 133120K, used 106233K [0x00000000a0000000, 0x0000000100000000)
  region size 1024K, 2 young (2048K), 2 survivors (2048K)
 Metaspace       used 53479K, capacity 55075K, committed 55216K, reserved 1097728K
  class space    used 6811K, capacity 7406K, committed 7424K, reserved 1048576K
}
Event: 33.009 GC heap before
{Heap before GC invocations=62 (full 0):
 garbage-first heap   total 133120K, used 112377K [0x00000000a0000000, 0x0000000100000000)
  region size 1024K, 8 young (8192K), 2 survivors (2048K)
 Metaspace       used 54133K, capacity 55727K, committed 55856K, reserved 1097728K
  class space    used 6909K, capacity 7520K, committed 7552K, reserved 1048576K
}
Event: 33.014 GC heap after
{Heap after GC invocations=63 (full 0):
 garbage-first heap   total 133120K, used 106358K [0x00000000a0000000, 0x0000000100000000)
  region size 1024K, 1 young (1024K), 1 survivors (1024K)
 Metaspace       used 54133K, capacity 55727K, committed 55856K, reserved 1097728K
  class space    used 6909K, capacity 7520K, committed 7552K, reserved 1048576K
}
Event: 33.334 GC heap before
{Heap before GC invocations=64 (full 0):
 garbage-first heap   total 133120K, used 111478K [0x00000000a0000000, 0x0000000100000000)
  region size 1024K, 7 young (7168K), 1 survivors (1024K)
 Metaspace       used 54821K, capacity 56408K, committed 56496K, reserved 1097728K
  class space    used 6994K, capacity 7596K, committed 7680K, reserved 1048576K
}
Event: 33.338 GC heap after
{Heap after GC invocations=65 (full 0):
 garbage-first heap   total 133120K, used 106614K [0x00000000a0000000, 0x0000000100000000)
  region size 1024K, 1 young (1024K), 1 survivors (1024K)
 Metaspace       used 54821K, capacity 56408K, committed 56496K, reserved 1097728K
  class space    used 6994K, capacity 7596K, committed 7680K, reserved 1048576K
}
Event: 33.588 GC heap before
{Heap before GC invocations=65 (full 0):
 garbage-first heap   total 133120K, used 112758K [0x00000000a0000000, 0x0000000100000000)
  region size 1024K, 7 young (7168K), 1 survivors (1024K)
 Metaspace       used 55525K, capacity 57179K, committed 57392K, reserved 1099776K
  class space    used 7090K, capacity 7725K, committed 7808K, reserved 1048576K
}
Event: 33.595 GC heap after
{Heap after GC invocations=66 (full 0):
 garbage-first heap   total 133120K, used 106717K [0x00000000a0000000, 0x0000000100000000)
  region size 1024K, 1 young (1024K), 1 survivors (1024K)
 Metaspace       used 55525K, capacity 57179K, committed 57392K, reserved 1099776K
  class space    used 7090K, capacity 7725K, committed 7808K, reserved 1048576K
}
Event: 34.401 GC heap before
{Heap before GC invocations=67 (full 0):
 garbage-first heap   total 133120K, used 112861K [0x00000000a0000000, 0x0000000100000000)
  region size 1024K, 8 young (8192K), 1 survivors (1024K)
 Metaspace       used 56331K, capacity 58013K, committed 58288K, reserved 1099776K
  class space    used 7202K, capacity 7891K, committed 7936K, reserved 1048576K
}
Event: 34.407 GC heap after
{Heap after GC invocations=68 (full 0):
 garbage-first heap   total 133120K, used 107068K [0x00000000a0000000, 0x0000000100000000)
  region size 1024K, 1 young (1024K), 1 survivors (1024K)
 Metaspace       used 56331K, capacity 58013K, committed 58288K, reserved 1099776K
  class space    used 7202K, capacity 7891K, committed 7936K, reserved 1048576K
}
Event: 34.747 GC heap before
{Heap before GC invocations=68 (full 0):
 garbage-first heap   total 133120K, used 113212K [0x00000000a0000000, 0x0000000100000000)
  region size 1024K, 8 young (8192K), 1 survivors (1024K)
 Metaspace       used 57436K, capacity 59069K, committed 59184K, reserved 1099776K
  class space    used 7302K, capacity 7987K, committed 8064K, reserved 1048576K
}
Event: 34.751 GC heap after
{Heap after GC invocations=69 (full 0):
 garbage-first heap   total 133120K, used 107199K [0x00000000a0000000, 0x0000000100000000)
  region size 1024K, 1 young (1024K), 1 survivors (1024K)
 Metaspace       used 57436K, capacity 59069K, committed 59184K, reserved 1099776K
  class space    used 7302K, capacity 7987K, committed 8064K, reserved 1048576K
}
Event: 35.211 GC heap before
{Heap before GC invocations=70 (full 0):
 garbage-first heap   total 133120K, used 114367K [0x00000000a0000000, 0x0000000100000000)
  region size 1024K, 8 young (8192K), 1 survivors (1024K)
 Metaspace       used 58564K, capacity 60249K, committed 60592K, reserved 1101824K
  class space    used 7423K, capacity 8099K, committed 8192K, reserved 1048576K
}
Event: 35.224 GC heap after
{Heap after GC invocations=71 (full 0):
 garbage-first heap   total 133120K, used 107440K [0x00000000a0000000, 0x0000000100000000)
  region size 1024K, 1 young (1024K), 1 survivors (1024K)
 Metaspace       used 58564K, capacity 60249K, committed 60592K, reserved 1101824K
  class space    used 7423K, capacity 8099K, committed 8192K, reserved 1048576K
}
Event: 35.763 GC heap before
{Heap before GC invocations=71 (full 0):
 garbage-first heap   total 133120K, used 114608K [0x00000000a0000000, 0x0000000100000000)
  region size 1024K, 8 young (8192K), 1 survivors (1024K)
 Metaspace       used 59199K, capacity 60910K, committed 61232K, reserved 1101824K
  class space    used 7541K, capacity 8220K, committed 8320K, reserved 1048576K
}
Event: 35.770 GC heap after
{Heap after GC invocations=72 (full 0):
 garbage-first heap   total 133120K, used 107679K [0x00000000a0000000, 0x0000000100000000)
  region size 1024K, 1 young (1024K), 1 survivors (1024K)
 Metaspace       used 59199K, capacity 60910K, committed 61232K, reserved 1101824K
  class space    used 7541K, capacity 8220K, committed 8320K, reserved 1048576K
}
Event: 36.492 GC heap before
{Heap before GC invocations=73 (full 0):
 garbage-first heap   total 133120K, used 114847K [0x00000000a0000000, 0x0000000100000000)
  region size 1024K, 8 young (8192K), 1 survivors (1024K)
 Metaspace       used 60736K, capacity 62571K, committed 62768K, reserved 1103872K
  class space    used 7745K, capacity 8478K, committed 8576K, reserved 1048576K
}
Event: 36.506 GC heap after
{Heap after GC invocations=74 (full 0):
 garbage-first heap   total 133120K, used 108181K [0x00000000a0000000, 0x0000000100000000)
  region size 1024K, 1 young (1024K), 1 survivors (1024K)
 Metaspace       used 60736K, capacity 62571K, committed 62768K, reserved 1103872K
  class space    used 7745K, capacity 8478K, committed 8576K, reserved 1048576K
}
Event: 36.892 GC heap before
{Heap before GC invocations=74 (full 0):
 garbage-first heap   total 133120K, used 114325K [0x00000000a0000000, 0x0000000100000000)
  region size 1024K, 8 young (8192K), 1 survivors (1024K)
 Metaspace       used 62058K, capacity 63943K, committed 64176K, reserved 1105920K
  class space    used 7898K, capacity 8616K, committed 8704K, reserved 1048576K
}
Event: 36.903 GC heap after
{Heap after GC invocations=75 (full 0):
 garbage-first heap   total 133120K, used 109281K [0x00000000a0000000, 0x0000000100000000)
  region size 1024K, 1 young (1024K), 1 survivors (1024K)
 Metaspace       used 62058K, capacity 63943K, committed 64176K, reserved 1105920K
  class space    used 7898K, capacity 8616K, committed 8704K, reserved 1048576K
}
Event: 37.339 GC heap before
{Heap before GC invocations=76 (full 0):
 garbage-first heap   total 133120K, used 112353K [0x00000000a0000000, 0x0000000100000000)
  region size 1024K, 5 young (5120K), 1 survivors (1024K)
 Metaspace       used 62715K, capacity 64583K, committed 64688K, reserved 1105920K
  class space    used 7970K, capacity 8680K, committed 8704K, reserved 1048576K
}

