# JRE version: OpenJDK Runtime Environment (11.0.15) (build 11.0.15+0-b2043.56-9505619)
# Java VM: OpenJDK 64-Bit Server VM (11.0.15+0-b2043.56-9505619, mixed mode, tiered, compressed oops, g1 gc, windows-amd64)
Heap:
 garbage-first heap   total 133120K, used 95411K [0x00000000a0000000, 0x0000000100000000)
  region size 1024K, 2 young (2048K), 2 survivors (2048K)
 Metaspace       used 50656K, capacity 52048K, committed 52144K, reserved 1101824K
  class space    used 6526K, capacity 7090K, committed 7168K, reserved 1048576K
GC Heap History (20 events):
Event: 17.992 GC heap before
{Heap before GC invocations=32 (full 0):
 garbage-first heap   total 110592K, used 82945K [0x00000000a0000000, 0x0000000100000000)
  region size 1024K, 25 young (25600K), 2 survivors (2048K)
 Metaspace       used 44671K, capacity 45874K, committed 46128K, reserved 1089536K
  class space    used 5708K, capacity 6148K, committed 6272K, reserved 1048576K
}
Event: 18.002 GC heap after
{Heap after GC invocations=33 (full 0):
 garbage-first heap   total 110592K, used 61505K [0x00000000a0000000, 0x0000000100000000)
  region size 1024K, 3 young (3072K), 3 survivors (3072K)
 Metaspace       used 44671K, capacity 45874K, committed 46128K, reserved 1089536K
  class space    used 5708K, capacity 6148K, committed 6272K, reserved 1048576K
}
Event: 18.231 GC heap before
{Heap before GC invocations=34 (full 0):
 garbage-first heap   total 110592K, used 61505K [0x00000000a0000000, 0x0000000100000000)
  region size 1024K, 4 young (4096K), 3 survivors (3072K)
 Metaspace       used 44671K, capacity 45874K, committed 46128K, reserved 1089536K
  class space    used 5708K, capacity 6148K, committed 6272K, reserved 1048576K
}
Event: 18.242 GC heap after
{Heap after GC invocations=35 (full 0):
 garbage-first heap   total 110592K, used 61906K [0x00000000a0000000, 0x0000000100000000)
  region size 1024K, 2 young (2048K), 2 survivors (2048K)
 Metaspace       used 44671K, capacity 45874K, committed 46128K, reserved 1089536K
  class space    used 5708K, capacity 6148K, committed 6272K, reserved 1048576K
}
Event: 18.705 GC heap before
{Heap before GC invocations=36 (full 0):
 garbage-first heap   total 110592K, used 72146K [0x00000000a0000000, 0x0000000100000000)
  region size 1024K, 3 young (3072K), 2 survivors (2048K)
 Metaspace       used 44671K, capacity 45874K, committed 46128K, reserved 1089536K
  class space    used 5708K, capacity 6148K, committed 6272K, reserved 1048576K
}
Event: 18.711 GC heap after
{Heap after GC invocations=37 (full 0):
 garbage-first heap   total 133120K, used 72202K [0x00000000a0000000, 0x0000000100000000)
  region size 1024K, 2 young (2048K), 2 survivors (2048K)
 Metaspace       used 44671K, capacity 45874K, committed 46128K, reserved 1089536K
  class space    used 5708K, capacity 6148K, committed 6272K, reserved 1048576K
}
Event: 18.882 GC heap before
{Heap before GC invocations=38 (full 0):
 garbage-first heap   total 133120K, used 77322K [0x00000000a0000000, 0x0000000100000000)
  region size 1024K, 3 young (3072K), 2 survivors (2048K)
 Metaspace       used 44671K, capacity 45874K, committed 46128K, reserved 1089536K
  class space    used 5708K, capacity 6148K, committed 6272K, reserved 1048576K
}
Event: 18.888 GC heap after
{Heap after GC invocations=39 (full 0):
 garbage-first heap   total 133120K, used 78015K [0x00000000a0000000, 0x0000000100000000)
  region size 1024K, 3 young (3072K), 3 survivors (3072K)
 Metaspace       used 44671K, capacity 45874K, committed 46128K, reserved 1089536K
  class space    used 5708K, capacity 6148K, committed 6272K, reserved 1048576K
}
Event: 20.329 GC heap before
{Heap before GC invocations=40 (full 0):
 garbage-first heap   total 133120K, used 96447K [0x00000000a0000000, 0x0000000100000000)
  region size 1024K, 18 young (18432K), 3 survivors (3072K)
 Metaspace       used 45373K, capacity 46628K, committed 46896K, reserved 1089536K
  class space    used 5786K, capacity 6247K, committed 6272K, reserved 1048576K
}
Event: 20.348 GC heap after
{Heap after GC invocations=41 (full 0):
 garbage-first heap   total 133120K, used 85204K [0x00000000a0000000, 0x0000000100000000)
  region size 1024K, 3 young (3072K), 3 survivors (3072K)
 Metaspace       used 45373K, capacity 46628K, committed 46896K, reserved 1089536K
  class space    used 5786K, capacity 6247K, committed 6272K, reserved 1048576K
}
Event: 21.342 GC heap before
{Heap before GC invocations=42 (full 0):
 garbage-first heap   total 133120K, used 104660K [0x00000000a0000000, 0x0000000100000000)
  region size 1024K, 21 young (21504K), 3 survivors (3072K)
 Metaspace       used 47036K, capacity 48343K, committed 48560K, reserved 1091584K
  class space    used 5910K, capacity 6390K, committed 6400K, reserved 1048576K
}
Event: 21.354 GC heap after
{Heap after GC invocations=43 (full 0):
 garbage-first heap   total 133120K, used 86236K [0x00000000a0000000, 0x0000000100000000)
  region size 1024K, 2 young (2048K), 2 survivors (2048K)
 Metaspace       used 47036K, capacity 48343K, committed 48560K, reserved 1091584K
  class space    used 5910K, capacity 6390K, committed 6400K, reserved 1048576K
}
Event: 21.862 GC heap before
{Heap before GC invocations=43 (full 0):
 garbage-first heap   total 133120K, used 104668K [0x00000000a0000000, 0x0000000100000000)
  region size 1024K, 20 young (20480K), 2 survivors (2048K)
 Metaspace       used 47573K, capacity 48926K, committed 49200K, reserved 1091584K
  class space    used 5996K, capacity 6473K, committed 6528K, reserved 1048576K
}
Event: 21.872 GC heap after
{Heap after GC invocations=44 (full 0):
 garbage-first heap   total 133120K, used 87652K [0x00000000a0000000, 0x0000000100000000)
  region size 1024K, 2 young (2048K), 2 survivors (2048K)
 Metaspace       used 47573K, capacity 48926K, committed 49200K, reserved 1091584K
  class space    used 5996K, capacity 6473K, committed 6528K, reserved 1048576K
}
Event: 22.904 GC heap before
{Heap before GC invocations=45 (full 0):
 garbage-first heap   total 133120K, used 100964K [0x00000000a0000000, 0x0000000100000000)
  region size 1024K, 16 young (16384K), 2 survivors (2048K)
 Metaspace       used 48672K, capacity 50056K, committed 50224K, reserved 1093632K
  class space    used 6185K, capacity 6723K, committed 6784K, reserved 1048576K
}
Event: 22.914 GC heap after
{Heap after GC invocations=46 (full 0):
 garbage-first heap   total 133120K, used 88284K [0x00000000a0000000, 0x0000000100000000)
  region size 1024K, 2 young (2048K), 2 survivors (2048K)
 Metaspace       used 48672K, capacity 50056K, committed 50224K, reserved 1093632K
  class space    used 6185K, capacity 6723K, committed 6784K, reserved 1048576K
}
Event: 23.619 GC heap before
{Heap before GC invocations=47 (full 0):
 garbage-first heap   total 133120K, used 112860K [0x00000000a0000000, 0x0000000100000000)
  region size 1024K, 21 young (21504K), 2 survivors (2048K)
 Metaspace       used 50031K, capacity 51522K, committed 51760K, reserved 1093632K
  class space    used 6421K, capacity 7000K, committed 7040K, reserved 1048576K
}
Event: 23.630 GC heap after
{Heap after GC invocations=48 (full 0):
 garbage-first heap   total 133120K, used 95060K [0x00000000a0000000, 0x0000000100000000)
  region size 1024K, 3 young (3072K), 3 survivors (3072K)
 Metaspace       used 50031K, capacity 51522K, committed 51760K, reserved 1093632K
  class space    used 6421K, capacity 7000K, committed 7040K, reserved 1048576K
}
Event: 23.940 GC heap before
{Heap before GC invocations=48 (full 0):
 garbage-first heap   total 133120K, used 105300K [0x00000000a0000000, 0x0000000100000000)
  region size 1024K, 14 young (14336K), 3 survivors (3072K)
 Metaspace       used 50656K, capacity 52048K, committed 52144K, reserved 1099776K
  class space    used 6526K, capacity 7090K, committed 7168K, reserved 1048576K
}
Event: 23.950 GC heap after
{Heap after GC invocations=49 (full 0):
 garbage-first heap   total 133120K, used 95411K [0x00000000a0000000, 0x0000000100000000)
  region size 1024K, 2 young (2048K), 2 survivors (2048K)
 Metaspace       used 50656K, capacity 52048K, committed 52144K, reserved 1099776K
  class space    used 6526K, capacity 7090K, committed 7168K, reserved 1048576K
}

