# JRE version: OpenJDK Runtime Environment (11.0.15) (build 11.0.15+0-b2043.56-9505619)
# Java VM: OpenJDK 64-Bit Server VM (11.0.15+0-b2043.56-9505619, mixed mode, tiered, compressed oops, g1 gc, windows-amd64)
Heap:
 garbage-first heap   total 161792K, used 86276K [0x00000000a0000000, 0x0000000100000000)
  region size 1024K, 1 young (1024K), 1 survivors (1024K)
 Metaspace       used 45363K, capacity 46625K, committed 46896K, reserved 1089536K
  class space    used 5786K, capacity 6247K, committed 6272K, reserved 1048576K
GC Heap History (20 events):
Event: 15.095 GC heap after
{Heap after GC invocations=30 (full 0):
 garbage-first heap   total 111616K, used 61026K [0x00000000a0000000, 0x0000000100000000)
  region size 1024K, 2 young (2048K), 2 survivors (2048K)
 Metaspace       used 40371K, capacity 41444K, committed 41648K, reserved 1085440K
  class space    used 5191K, capacity 5617K, committed 5632K, reserved 1048576K
}
Event: 15.186 GC heap before
{Heap before GC invocations=31 (full 0):
 garbage-first heap   total 111616K, used 62050K [0x00000000a0000000, 0x0000000100000000)
  region size 1024K, 3 young (3072K), 2 survivors (2048K)
 Metaspace       used 40371K, capacity 41444K, committed 41648K, reserved 1085440K
  class space    used 5191K, capacity 5617K, committed 5632K, reserved 1048576K
}
Event: 15.191 GC heap after
{Heap after GC invocations=32 (full 0):
 garbage-first heap   total 111616K, used 61552K [0x00000000a0000000, 0x0000000100000000)
  region size 1024K, 2 young (2048K), 2 survivors (2048K)
 Metaspace       used 40371K, capacity 41444K, committed 41648K, reserved 1085440K
  class space    used 5191K, capacity 5617K, committed 5632K, reserved 1048576K
}
Event: 16.390 GC heap before
{Heap before GC invocations=33 (full 0):
 garbage-first heap   total 111616K, used 83056K [0x00000000a0000000, 0x0000000100000000)
  region size 1024K, 21 young (21504K), 2 survivors (2048K)
 Metaspace       used 42976K, capacity 44151K, committed 44336K, reserved 1087488K
  class space    used 5464K, capacity 5920K, committed 6016K, reserved 1048576K
}
Event: 16.398 GC heap after
{Heap after GC invocations=34 (full 0):
 garbage-first heap   total 111616K, used 61433K [0x00000000a0000000, 0x0000000100000000)
  region size 1024K, 2 young (2048K), 2 survivors (2048K)
 Metaspace       used 42976K, capacity 44151K, committed 44336K, reserved 1087488K
  class space    used 5464K, capacity 5920K, committed 6016K, reserved 1048576K
}
Event: 16.925 GC heap before
{Heap before GC invocations=34 (full 0):
 garbage-first heap   total 111616K, used 82937K [0x00000000a0000000, 0x0000000100000000)
  region size 1024K, 23 young (23552K), 2 survivors (2048K)
 Metaspace       used 44443K, capacity 45590K, committed 45744K, reserved 1089536K
  class space    used 5676K, capacity 6125K, committed 6144K, reserved 1048576K
}
Event: 16.934 GC heap after
{Heap after GC invocations=35 (full 0):
 garbage-first heap   total 111616K, used 61928K [0x00000000a0000000, 0x0000000100000000)
  region size 1024K, 2 young (2048K), 2 survivors (2048K)
 Metaspace       used 44443K, capacity 45590K, committed 45744K, reserved 1089536K
  class space    used 5676K, capacity 6125K, committed 6144K, reserved 1048576K
}
Event: 18.015 GC heap before
{Heap before GC invocations=36 (full 0):
 garbage-first heap   total 111616K, used 66024K [0x00000000a0000000, 0x0000000100000000)
  region size 1024K, 8 young (8192K), 2 survivors (2048K)
 Metaspace       used 44661K, capacity 45810K, committed 46128K, reserved 1089536K
  class space    used 5708K, capacity 6148K, committed 6272K, reserved 1048576K
}
Event: 18.026 GC heap after
{Heap after GC invocations=37 (full 0):
 garbage-first heap   total 134144K, used 63030K [0x00000000a0000000, 0x0000000100000000)
  region size 1024K, 3 young (3072K), 3 survivors (3072K)
 Metaspace       used 44661K, capacity 45810K, committed 46128K, reserved 1089536K
  class space    used 5708K, capacity 6148K, committed 6272K, reserved 1048576K
}
Event: 18.177 GC heap before
{Heap before GC invocations=38 (full 0):
 garbage-first heap   total 134144K, used 73270K [0x00000000a0000000, 0x0000000100000000)
  region size 1024K, 4 young (4096K), 3 survivors (3072K)
 Metaspace       used 44661K, capacity 45810K, committed 46128K, reserved 1089536K
  class space    used 5708K, capacity 6148K, committed 6272K, reserved 1048576K
}
Event: 18.187 GC heap after
{Heap after GC invocations=39 (full 0):
 garbage-first heap   total 134144K, used 73477K [0x00000000a0000000, 0x0000000100000000)
  region size 1024K, 2 young (2048K), 2 survivors (2048K)
 Metaspace       used 44661K, capacity 45810K, committed 46128K, reserved 1089536K
  class space    used 5708K, capacity 6148K, committed 6272K, reserved 1048576K
}
Event: 18.359 GC heap before
{Heap before GC invocations=40 (full 0):
 garbage-first heap   total 134144K, used 75525K [0x00000000a0000000, 0x0000000100000000)
  region size 1024K, 3 young (3072K), 2 survivors (2048K)
 Metaspace       used 44661K, capacity 45810K, committed 46128K, reserved 1089536K
  class space    used 5708K, capacity 6148K, committed 6272K, reserved 1048576K
}
Event: 18.366 GC heap after
{Heap after GC invocations=41 (full 0):
 garbage-first heap   total 134144K, used 75605K [0x00000000a0000000, 0x0000000100000000)
  region size 1024K, 2 young (2048K), 2 survivors (2048K)
 Metaspace       used 44661K, capacity 45810K, committed 46128K, reserved 1089536K
  class space    used 5708K, capacity 6148K, committed 6272K, reserved 1048576K
}
Event: 18.566 GC heap before
{Heap before GC invocations=42 (full 0):
 garbage-first heap   total 134144K, used 78677K [0x00000000a0000000, 0x0000000100000000)
  region size 1024K, 3 young (3072K), 2 survivors (2048K)
 Metaspace       used 44661K, capacity 45810K, committed 46128K, reserved 1089536K
  class space    used 5708K, capacity 6148K, committed 6272K, reserved 1048576K
}
Event: 18.576 GC heap after
{Heap after GC invocations=43 (full 0):
 garbage-first heap   total 134144K, used 79221K [0x00000000a0000000, 0x0000000100000000)
  region size 1024K, 2 young (2048K), 2 survivors (2048K)
 Metaspace       used 44661K, capacity 45810K, committed 46128K, reserved 1089536K
  class space    used 5708K, capacity 6148K, committed 6272K, reserved 1048576K
}
Event: 18.782 GC heap before
{Heap before GC invocations=44 (full 0):
 garbage-first heap   total 134144K, used 81269K [0x00000000a0000000, 0x0000000100000000)
  region size 1024K, 3 young (3072K), 2 survivors (2048K)
 Metaspace       used 44661K, capacity 45810K, committed 46128K, reserved 1089536K
  class space    used 5708K, capacity 6148K, committed 6272K, reserved 1048576K
}
Event: 18.786 GC heap after
{Heap after GC invocations=45 (full 0):
 garbage-first heap   total 134144K, used 81190K [0x00000000a0000000, 0x0000000100000000)
  region size 1024K, 1 young (1024K), 1 survivors (1024K)
 Metaspace       used 44661K, capacity 45810K, committed 46128K, reserved 1089536K
  class space    used 5708K, capacity 6148K, committed 6272K, reserved 1048576K
}
Event: 19.567 GC heap before
{Heap before GC invocations=46 (full 0):
 garbage-first heap   total 134144K, used 97574K [0x00000000a0000000, 0x0000000100000000)
  region size 1024K, 15 young (15360K), 1 survivors (1024K)
 Metaspace       used 45363K, capacity 46625K, committed 46896K, reserved 1089536K
  class space    used 5786K, capacity 6247K, committed 6272K, reserved 1048576K
}
Event: 19.580 GC heap after
{Heap after GC invocations=47 (full 0):
 garbage-first heap   total 134144K, used 85887K [0x00000000a0000000, 0x0000000100000000)
  region size 1024K, 2 young (2048K), 2 survivors (2048K)
 Metaspace       used 45363K, capacity 46625K, committed 46896K, reserved 1089536K
  class space    used 5786K, capacity 6247K, committed 6272K, reserved 1048576K
}
Event: 19.581 GC heap before
{Heap before GC invocations=47 (full 0):
 garbage-first heap   total 134144K, used 85887K [0x00000000a0000000, 0x0000000100000000)
  region size 1024K, 3 young (3072K), 2 survivors (2048K)
 Metaspace       used 45363K, capacity 46625K, committed 46896K, reserved 1089536K
  class space    used 5786K, capacity 6247K, committed 6272K, reserved 1048576K
}

