# JRE version: OpenJDK Runtime Environment (11.0.15) (build 11.0.15+0-b2043.56-9505619)
# Java VM: OpenJDK 64-Bit Server VM (11.0.15+0-b2043.56-9505619, mixed mode, tiered, compressed oops, g1 gc, windows-amd64)
Heap:
 garbage-first heap   total 177152K, used 114020K [0x00000000a0000000, 0x0000000100000000)
  region size 1024K, 25 young (25600K), 4 survivors (4096K)
 Metaspace       used 50203K, capacity 51679K, committed 51760K, reserved 1093632K
  class space    used 6443K, capacity 7009K, committed 7040K, reserved 1048576K
GC Heap History (20 events):
Event: 23.820 GC heap before
{Heap before GC invocations=36 (full 0):
 garbage-first heap   total 97280K, used 74214K [0x00000000a0000000, 0x0000000100000000)
  region size 1024K, 23 young (23552K), 2 survivors (2048K)
 Metaspace       used 39381K, capacity 40502K, committed 40752K, reserved 1085440K
  class space    used 5103K, capacity 5499K, committed 5504K, reserved 1048576K
}
Event: 23.836 GC heap after
{Heap after GC invocations=37 (full 0):
 garbage-first heap   total 97280K, used 57521K [0x00000000a0000000, 0x0000000100000000)
  region size 1024K, 3 young (3072K), 3 survivors (3072K)
 Metaspace       used 39381K, capacity 40502K, committed 40752K, reserved 1085440K
  class space    used 5103K, capacity 5499K, committed 5504K, reserved 1048576K
}
Event: 24.218 GC heap before
{Heap before GC invocations=37 (full 0):
 garbage-first heap   total 97280K, used 75953K [0x00000000a0000000, 0x0000000100000000)
  region size 1024K, 21 young (21504K), 3 survivors (3072K)
 Metaspace       used 39928K, capacity 41140K, committed 41392K, reserved 1085440K
  class space    used 5147K, capacity 5582K, committed 5632K, reserved 1048576K
}
Event: 24.234 GC heap after
{Heap after GC invocations=38 (full 0):
 garbage-first heap   total 147456K, used 59875K [0x00000000a0000000, 0x0000000100000000)
  region size 1024K, 3 young (3072K), 3 survivors (3072K)
 Metaspace       used 39928K, capacity 41140K, committed 41392K, reserved 1085440K
  class space    used 5147K, capacity 5582K, committed 5632K, reserved 1048576K
}
Event: 26.503 GC heap before
{Heap before GC invocations=39 (full 0):
 garbage-first heap   total 147456K, used 97763K [0x00000000a0000000, 0x0000000100000000)
  region size 1024K, 38 young (38912K), 3 survivors (3072K)
 Metaspace       used 43321K, capacity 44493K, committed 44592K, reserved 1087488K
  class space    used 5515K, capacity 5927K, committed 6016K, reserved 1048576K
}
Event: 26.517 GC heap after
{Heap after GC invocations=40 (full 0):
 garbage-first heap   total 147456K, used 61288K [0x00000000a0000000, 0x0000000100000000)
  region size 1024K, 4 young (4096K), 4 survivors (4096K)
 Metaspace       used 43321K, capacity 44493K, committed 44592K, reserved 1087488K
  class space    used 5515K, capacity 5927K, committed 6016K, reserved 1048576K
}
Event: 28.254 GC heap before
{Heap before GC invocations=40 (full 0):
 garbage-first heap   total 147456K, used 82792K [0x00000000a0000000, 0x0000000100000000)
  region size 1024K, 26 young (26624K), 4 survivors (4096K)
 Metaspace       used 44691K, capacity 45877K, committed 46128K, reserved 1089536K
  class space    used 5706K, capacity 6148K, committed 6272K, reserved 1048576K
}
Event: 28.278 GC heap after
{Heap after GC invocations=41 (full 0):
 garbage-first heap   total 147456K, used 62939K [0x00000000a0000000, 0x0000000100000000)
  region size 1024K, 4 young (4096K), 4 survivors (4096K)
 Metaspace       used 44691K, capacity 45877K, committed 46128K, reserved 1089536K
  class space    used 5706K, capacity 6148K, committed 6272K, reserved 1048576K
}
Event: 28.956 GC heap before
{Heap before GC invocations=42 (full 0):
 garbage-first heap   total 147456K, used 72155K [0x00000000a0000000, 0x0000000100000000)
  region size 1024K, 5 young (5120K), 4 survivors (4096K)
 Metaspace       used 44691K, capacity 45877K, committed 46128K, reserved 1089536K
  class space    used 5706K, capacity 6148K, committed 6272K, reserved 1048576K
}
Event: 28.997 GC heap after
{Heap after GC invocations=43 (full 0):
 garbage-first heap   total 147456K, used 72240K [0x00000000a0000000, 0x0000000100000000)
  region size 1024K, 2 young (2048K), 2 survivors (2048K)
 Metaspace       used 44691K, capacity 45877K, committed 46128K, reserved 1089536K
  class space    used 5706K, capacity 6148K, committed 6272K, reserved 1048576K
}
Event: 29.260 GC heap before
{Heap before GC invocations=44 (full 0):
 garbage-first heap   total 147456K, used 74288K [0x00000000a0000000, 0x0000000100000000)
  region size 1024K, 3 young (3072K), 2 survivors (2048K)
 Metaspace       used 44691K, capacity 45877K, committed 46128K, reserved 1089536K
  class space    used 5706K, capacity 6148K, committed 6272K, reserved 1048576K
}
Event: 29.272 GC heap after
{Heap after GC invocations=45 (full 0):
 garbage-first heap   total 177152K, used 74315K [0x00000000a0000000, 0x0000000100000000)
  region size 1024K, 2 young (2048K), 2 survivors (2048K)
 Metaspace       used 44691K, capacity 45877K, committed 46128K, reserved 1089536K
  class space    used 5706K, capacity 6148K, committed 6272K, reserved 1048576K
}
Event: 29.805 GC heap before
{Heap before GC invocations=46 (full 0):
 garbage-first heap   total 177152K, used 79435K [0x00000000a0000000, 0x0000000100000000)
  region size 1024K, 3 young (3072K), 2 survivors (2048K)
 Metaspace       used 44691K, capacity 45877K, committed 46128K, reserved 1089536K
  class space    used 5706K, capacity 6148K, committed 6272K, reserved 1048576K
}
Event: 29.820 GC heap after
{Heap after GC invocations=47 (full 0):
 garbage-first heap   total 177152K, used 80100K [0x00000000a0000000, 0x0000000100000000)
  region size 1024K, 3 young (3072K), 3 survivors (3072K)
 Metaspace       used 44691K, capacity 45877K, committed 46128K, reserved 1089536K
  class space    used 5706K, capacity 6148K, committed 6272K, reserved 1048576K
}
Event: 31.236 GC heap before
{Heap before GC invocations=48 (full 0):
 garbage-first heap   total 177152K, used 97508K [0x00000000a0000000, 0x0000000100000000)
  region size 1024K, 18 young (18432K), 3 survivors (3072K)
 Metaspace       used 45375K, capacity 46692K, committed 46896K, reserved 1089536K
  class space    used 5784K, capacity 6247K, committed 6272K, reserved 1048576K
}
Event: 31.247 GC heap after
{Heap after GC invocations=49 (full 0):
 garbage-first heap   total 177152K, used 85136K [0x00000000a0000000, 0x0000000100000000)
  region size 1024K, 5 young (5120K), 5 survivors (5120K)
 Metaspace       used 45375K, capacity 46692K, committed 46896K, reserved 1089536K
  class space    used 5784K, capacity 6247K, committed 6272K, reserved 1048576K
}
Event: 33.364 GC heap before
{Heap before GC invocations=50 (full 0):
 garbage-first heap   total 177152K, used 122000K [0x00000000a0000000, 0x0000000100000000)
  region size 1024K, 40 young (40960K), 5 survivors (5120K)
 Metaspace       used 47439K, capacity 48852K, committed 48944K, reserved 1091584K
  class space    used 5979K, capacity 6470K, committed 6528K, reserved 1048576K
}
Event: 33.392 GC heap after
{Heap after GC invocations=51 (full 0):
 garbage-first heap   total 177152K, used 87208K [0x00000000a0000000, 0x0000000100000000)
  region size 1024K, 5 young (5120K), 5 survivors (5120K)
 Metaspace       used 47439K, capacity 48852K, committed 48944K, reserved 1091584K
  class space    used 5979K, capacity 6470K, committed 6528K, reserved 1048576K
}
Event: 35.004 GC heap before
{Heap before GC invocations=51 (full 0):
 garbage-first heap   total 177152K, used 101544K [0x00000000a0000000, 0x0000000100000000)
  region size 1024K, 20 young (20480K), 5 survivors (5120K)
 Metaspace       used 48681K, capacity 50056K, committed 50224K, reserved 1093632K
  class space    used 6183K, capacity 6723K, committed 6784K, reserved 1048576K
}
Event: 35.038 GC heap after
{Heap after GC invocations=52 (full 0):
 garbage-first heap   total 177152K, used 88420K [0x00000000a0000000, 0x0000000100000000)
  region size 1024K, 4 young (4096K), 4 survivors (4096K)
 Metaspace       used 48681K, capacity 50056K, committed 50224K, reserved 1093632K
  class space    used 6183K, capacity 6723K, committed 6784K, reserved 1048576K
}

